<?xml version="1.0" encoding="UTF-8"?>
<!-- Generated by org.testng.reporters.JUnitReportReporter -->
<testsuite hostname="DESKTOP-KJDH9J2" failures="0" tests="1" name="test2.Baseclass" time="6.725" errors="0" timestamp="2024-03-09T12:56:20 IST" skipped="0">
  <testcase classname="test2.Baseclass" name="home" time="6.725"/>
  <system-out/>
</testsuite> <!-- test2.Baseclass -->
